============================= test session starts ==============================
platform darwin -- Python 3.11.14, pytest-9.0.2, pluggy-1.6.0 -- /Users/williamwatson/Documents/GitHub/mcp-sed-awk/venv/bin/python3.11
cachedir: .pytest_cache
rootdir: /Users/williamwatson/Documents/GitHub/mcp-sed-awk
configfile: pyproject.toml
plugins: mock-3.15.1, anyio-4.12.0, asyncio-1.3.0, cov-7.0.0
asyncio: mode=Mode.AUTO, debug=False, asyncio_default_fixture_loop_scope=None, asyncio_default_test_loop_scope=function
collecting ... collected 1 item

tests/test_validator.py::TestSecurityValidator::test_pattern_length_limit PASSED [100%]

============================== 1 passed in 0.29s ===============================
