============================= test session starts ==============================
platform darwin -- Python 3.9.6, pytest-8.4.1, pluggy-1.6.0 -- /Library/Developer/CommandLineTools/usr/bin/python3
cachedir: .pytest_cache
rootdir: /Users/williamwatson/Documents/GitHub/mcp-sed-awk
configfile: pyproject.toml
plugins: asyncio-1.2.0, anyio-4.9.0, cov-6.2.1, mock-3.14.1
asyncio: mode=auto, debug=False, asyncio_default_fixture_loop_scope=None, asyncio_default_test_loop_scope=function
collecting ... collected 0 items / 4 errors

==================================== ERRORS ====================================
_____________ ERROR collecting src/tests/sed_awk_mcp/test_audit.py _____________
ImportError while importing test module '/Users/williamwatson/Documents/GitHub/mcp-sed-awk/src/tests/sed_awk_mcp/test_audit.py'.
Hint: make sure your test modules/packages have valid Python names.
Traceback:
/Library/Developer/CommandLineTools/Library/Frameworks/Python3.framework/Versions/3.9/lib/python3.9/importlib/__init__.py:127: in import_module
    return _bootstrap._gcd_import(name[level:], package, level)
src/tests/sed_awk_mcp/test_audit.py:5: in <module>
    from sed_awk_mcp.security.audit import AuditLogger
E   ModuleNotFoundError: No module named 'sed_awk_mcp.security'
________ ERROR collecting src/tests/sed_awk_mcp/test_path_validator.py _________
ImportError while importing test module '/Users/williamwatson/Documents/GitHub/mcp-sed-awk/src/tests/sed_awk_mcp/test_path_validator.py'.
Hint: make sure your test modules/packages have valid Python names.
Traceback:
/Library/Developer/CommandLineTools/Library/Frameworks/Python3.framework/Versions/3.9/lib/python3.9/importlib/__init__.py:127: in import_module
    return _bootstrap._gcd_import(name[level:], package, level)
src/tests/sed_awk_mcp/test_path_validator.py:7: in <module>
    from sed_awk_mcp.security.path_validator import PathValidator, SecurityError
E   ModuleNotFoundError: No module named 'sed_awk_mcp.security'
___________ ERROR collecting src/tests/sed_awk_mcp/test_platform.py ____________
ImportError while importing test module '/Users/williamwatson/Documents/GitHub/mcp-sed-awk/src/tests/sed_awk_mcp/test_platform.py'.
Hint: make sure your test modules/packages have valid Python names.
Traceback:
/Library/Developer/CommandLineTools/Library/Frameworks/Python3.framework/Versions/3.9/lib/python3.9/importlib/__init__.py:127: in import_module
    return _bootstrap._gcd_import(name[level:], package, level)
src/tests/sed_awk_mcp/test_platform.py:5: in <module>
    from sed_awk_mcp.platform.config import PlatformConfig, BinaryNotFoundError
E   ModuleNotFoundError: No module named 'sed_awk_mcp.platform'
___________ ERROR collecting src/tests/sed_awk_mcp/test_validator.py ___________
ImportError while importing test module '/Users/williamwatson/Documents/GitHub/mcp-sed-awk/src/tests/sed_awk_mcp/test_validator.py'.
Hint: make sure your test modules/packages have valid Python names.
Traceback:
/Library/Developer/CommandLineTools/Library/Frameworks/Python3.framework/Versions/3.9/lib/python3.9/importlib/__init__.py:127: in import_module
    return _bootstrap._gcd_import(name[level:], package, level)
src/tests/sed_awk_mcp/test_validator.py:4: in <module>
    from sed_awk_mcp.security.validator import SecurityValidator, ValidationError
E   ModuleNotFoundError: No module named 'sed_awk_mcp.security'
=========================== short test summary info ============================
ERROR src/tests/sed_awk_mcp/test_audit.py
ERROR src/tests/sed_awk_mcp/test_path_validator.py
ERROR src/tests/sed_awk_mcp/test_platform.py
ERROR src/tests/sed_awk_mcp/test_validator.py
!!!!!!!!!!!!!!!!!!! Interrupted: 4 errors during collection !!!!!!!!!!!!!!!!!!!!
============================== 4 errors in 0.07s ===============================
